<?xml version="1.0" encoding="UTF-8"?>
<!-- Generated by org.testng.reporters.JUnitReportReporter -->
<testsuite hostname="LAPTOP-VH0FVHVH" failures="0" tests="1" name="Assertion.SoftAssert" time="0.014" errors="0" timestamp="2023-02-19T22:40:11 IST" skipped="0">
  <testcase classname="Assertion.SoftAssert" name="m1" time="0.014"/>
  <system-out/>
</testsuite> <!-- Assertion.SoftAssert -->
