<?xml version="1.0" encoding="UTF-8"?>
<!-- Generated by org.testng.reporters.JUnitReportReporter -->
<testsuite hostname="LAPTOP-VH0FVHVH" failures="0" tests="1" name="testcases.VerifyExcel" time="0.602" errors="0" timestamp="2023-01-21T20:28:22 IST" skipped="0">
  <testcase classname="testcases.VerifyExcel" name="readExcelFile" time="0.602"/>
  <system-out/>
</testsuite> <!-- testcases.VerifyExcel -->
