<?xml version="1.0" encoding="UTF-8"?>
<!-- Generated by org.testng.reporters.JUnitReportReporter -->
<testsuite hostname="LAPTOP-VH0FVHVH" failures="0" tests="3" name="DataProvider.Attributes" time="0.012" errors="0" timestamp="2023-02-19T22:44:25 IST" skipped="0">
  <testcase classname="DataProvider.Attributes" name="Registration" time="0.010"/>
  <system-out/>
  <testcase classname="DataProvider.Attributes" name="login" time="0.001"/>
  <system-out/>
  <testcase classname="DataProvider.Attributes" name="Homepage" time="0.001"/>
  <system-out/>
</testsuite> <!-- DataProvider.Attributes -->
