<?xml version="1.0" encoding="UTF-8"?>
<!-- Generated by org.testng.reporters.JUnitReportReporter -->
<testsuite hostname="LAPTOP-VH0FVHVH" failures="0" tests="1" name="DataProvider.Example" time="8.674" errors="0" timestamp="2023-02-19T22:30:53 IST" skipped="0">
  <testcase classname="DataProvider.Example" name="f1" time="8.674"/>
  <system-out/>
</testsuite> <!-- DataProvider.Example -->
