<?xml version="1.0" encoding="UTF-8"?>
<!-- Generated by org.testng.reporters.JUnitReportReporter -->
<testsuite hostname="LAPTOP-VH0FVHVH" failures="0" tests="4" name="DataProvider.FaceBookLaunching" time="32.938" errors="0" timestamp="2023-02-20T22:05:13 IST" skipped="0">
  <testcase classname="DataProvider.FaceBookLaunching" name="init" time="6.708"/>
  <system-out/>
  <testcase classname="DataProvider.FaceBookLaunching" name="init" time="9.330"/>
  <system-out/>
  <testcase classname="DataProvider.FaceBookLaunching" name="teardown" time="16.253"/>
  <system-out/>
  <testcase classname="DataProvider.FaceBookLaunching" name="teardown" time="0.647"/>
  <system-out/>
</testsuite> <!-- DataProvider.FaceBookLaunching -->
