<?xml version="1.0" encoding="UTF-8"?>
<!-- Generated by org.testng.reporters.JUnitReportReporter -->
<testsuite hostname="LAPTOP-VH0FVHVH" failures="0" tests="1" name="DataProvider.Demo2" time="0.001" errors="0" timestamp="2023-02-16T18:07:27 IST" skipped="0">
  <testcase classname="DataProvider.Demo2" name="Registration" time="0.001"/>
  <system-out/>
</testsuite> <!-- DataProvider.Demo2 -->
